<?xml version="1.0" encoding="UTF-8"?>
<!-- Generated by org.testng.reporters.JUnitReportReporter -->
<testsuite skipped="0" hostname="DESKTOP-CIUUGKB" name="com.qa.hubspot.tests.HomePageTest" tests="1" failures="0" timestamp="08 Oct 2019 01:49:49 GMT" time="31.876" errors="0">
  <testcase name="VerifyHomePageTitle" time="31.876" classname="com.qa.hubspot.tests.HomePageTest"/>
</testsuite> <!-- com.qa.hubspot.tests.HomePageTest -->
