<?xml version="1.0" encoding="UTF-8"?>
<!-- Generated by org.testng.reporters.JUnitReportReporter -->
<testsuite skipped="0" hostname="DESKTOP-CIUUGKB" name="com.qa.hubspot.tests.LoginPageTest" tests="1" failures="0" timestamp="08 Oct 2019 01:49:49 GMT" time="18.477" errors="0">
  <testcase name="verifyLoginPageTitle" time="18.477" classname="com.qa.hubspot.tests.LoginPageTest"/>
</testsuite> <!-- com.qa.hubspot.tests.LoginPageTest -->
